Determining if the pthread_create exist failed with the following output:
Change Dir: /mnt/c/Users/Candy/projects/Fridge/tmp/CMakeFiles/CMakeTmp

Run Build Command:"/usr/bin/make" "cmTC_d203d/fast"
/usr/bin/make -f CMakeFiles/cmTC_d203d.dir/build.make CMakeFiles/cmTC_d203d.dir/build
make[1]: Entering directory '/mnt/c/Users/Candy/projects/Fridge/tmp/CMakeFiles/CMakeTmp'
Building C object CMakeFiles/cmTC_d203d.dir/CheckSymbolExists.c.o
/usr/bin/cc     -o CMakeFiles/cmTC_d203d.dir/CheckSymbolExists.c.o   -c /mnt/c/Users/Candy/projects/Fridge/tmp/CMakeFiles/CMakeTmp/CheckSymbolExists.c
Linking C executable cmTC_d203d
/usr/bin/cmake -E cmake_link_script CMakeFiles/cmTC_d203d.dir/link.txt --verbose=1
/usr/bin/cc       CMakeFiles/cmTC_d203d.dir/CheckSymbolExists.c.o  -o cmTC_d203d 
CMakeFiles/cmTC_d203d.dir/CheckSymbolExists.c.o: In function `main':
CheckSymbolExists.c:(.text+0x16): undefined reference to `pthread_create'
collect2: error: ld returned 1 exit status
CMakeFiles/cmTC_d203d.dir/build.make:97: recipe for target 'cmTC_d203d' failed
make[1]: *** [cmTC_d203d] Error 1
make[1]: Leaving directory '/mnt/c/Users/Candy/projects/Fridge/tmp/CMakeFiles/CMakeTmp'
Makefile:126: recipe for target 'cmTC_d203d/fast' failed
make: *** [cmTC_d203d/fast] Error 2

File /mnt/c/Users/Candy/projects/Fridge/tmp/CMakeFiles/CMakeTmp/CheckSymbolExists.c:
/* */
#include <pthread.h>

int main(int argc, char** argv)
{
  (void)argv;
#ifndef pthread_create
  return ((int*)(&pthread_create))[argc];
#else
  (void)argc;
  return 0;
#endif
}

Determining if the function pthread_create exists in the pthreads failed with the following output:
Change Dir: /mnt/c/Users/Candy/projects/Fridge/tmp/CMakeFiles/CMakeTmp

Run Build Command:"/usr/bin/make" "cmTC_5a8ad/fast"
/usr/bin/make -f CMakeFiles/cmTC_5a8ad.dir/build.make CMakeFiles/cmTC_5a8ad.dir/build
make[1]: Entering directory '/mnt/c/Users/Candy/projects/Fridge/tmp/CMakeFiles/CMakeTmp'
Building C object CMakeFiles/cmTC_5a8ad.dir/CheckFunctionExists.c.o
/usr/bin/cc    -DCHECK_FUNCTION_EXISTS=pthread_create   -o CMakeFiles/cmTC_5a8ad.dir/CheckFunctionExists.c.o   -c /usr/share/cmake-3.5/Modules/CheckFunctionExists.c
Linking C executable cmTC_5a8ad
/usr/bin/cmake -E cmake_link_script CMakeFiles/cmTC_5a8ad.dir/link.txt --verbose=1
/usr/bin/cc   -DCHECK_FUNCTION_EXISTS=pthread_create    CMakeFiles/cmTC_5a8ad.dir/CheckFunctionExists.c.o  -o cmTC_5a8ad -lpthreads 
/usr/bin/ld: cannot find -lpthreads
collect2: error: ld returned 1 exit status
CMakeFiles/cmTC_5a8ad.dir/build.make:97: recipe for target 'cmTC_5a8ad' failed
make[1]: *** [cmTC_5a8ad] Error 1
make[1]: Leaving directory '/mnt/c/Users/Candy/projects/Fridge/tmp/CMakeFiles/CMakeTmp'
Makefile:126: recipe for target 'cmTC_5a8ad/fast' failed
make: *** [cmTC_5a8ad/fast] Error 2


